Start testing: Oct 27 17:08 RTZ 2 ()
----------------------------------------------------------
4/4 Testing: StringTests
4/4 Test: StringTests
Command: "C:/repo/math-interpreter/MathImp/cmake-build-debug/StringTests.exe"
Directory: C:/repo/math-interpreter/MathImp/cmake-build-debug
"StringTests" start time: Oct 27 17:08 RTZ 2 ()
Output:
----------------------------------------------------------
Running main() from C:\repo\math-interpreter\MathImp\cmake-build-debug\_deps\googletest-src\googletest\src\gtest_main.cc
[==========] Running 19 tests from 1 test suite.
[----------] Global test environment set-up.
[----------] 19 tests from StringTest
[ RUN      ] StringTest.DefaultConstructor
[       OK ] StringTest.DefaultConstructor (0 ms)
[ RUN      ] StringTest.ConstructorWithStdString
[       OK ] StringTest.ConstructorWithStdString (0 ms)
[ RUN      ] StringTest.ConstructorWithCString
[       OK ] StringTest.ConstructorWithCString (0 ms)
[ RUN      ] StringTest.CopyConstructor
[       OK ] StringTest.CopyConstructor (0 ms)
[ RUN      ] StringTest.MoveConstructor
[       OK ] StringTest.MoveConstructor (0 ms)
[ RUN      ] StringTest.HexConversion
[       OK ] StringTest.HexConversion (0 ms)
[ RUN      ] StringTest.DecConversion
[       OK ] StringTest.DecConversion (0 ms)
[ RUN      ] StringTest.OctConversion
C:\repo\math-interpreter\MathImp\tests\string_test.cpp:52: Failure
Expected equality of these values:
  str.oct()
    Which is: "110145154154157"
  "0110100140150140157"
[  FAILED  ] StringTest.OctConversion (0 ms)
[ RUN      ] StringTest.BinConversion
[       OK ] StringTest.BinConversion (0 ms)
[ RUN      ] StringTest.EqualityOperator
[       OK ] StringTest.EqualityOperator (0 ms)
[ RUN      ] StringTest.AdditionOperator
[       OK ] StringTest.AdditionOperator (0 ms)
[ RUN      ] StringTest.Substring
[       OK ] StringTest.Substring (0 ms)
[ RUN      ] StringTest.Trim
[       OK ] StringTest.Trim (0 ms)
[ RUN      ] StringTest.ToUpperCase
[       OK ] StringTest.ToUpperCase (0 ms)
[ RUN      ] StringTest.ToLowerCase
[       OK ] StringTest.ToLowerCase (0 ms)
[ RUN      ] StringTest.Split
[       OK ] StringTest.Split (0 ms)
[ RUN      ] StringTest.Slice
[       OK ] StringTest.Slice (0 ms)
[ RUN      ] StringTest.Replace
[       OK ] StringTest.Replace (0 ms)
[ RUN      ] StringTest.IndexOf
[       OK ] StringTest.IndexOf (0 ms)
[----------] 19 tests from StringTest (0 ms total)

[----------] Global test environment tear-down
[==========] 19 tests from 1 test suite ran. (0 ms total)
[  PASSED  ] 18 tests.
[  FAILED  ] 1 test, listed below:
[  FAILED  ] StringTest.OctConversion

 1 FAILED TEST
<end of output>
Test time =   0.05 sec
----------------------------------------------------------
Test Failed.
"StringTests" end time: Oct 27 17:08 RTZ 2 ()
"StringTests" time elapsed: 00:00:00
----------------------------------------------------------

End testing: Oct 27 17:08 RTZ 2 ()
